PRODUCT OWNER: Hello, how can I assist you today?
PROGRAMMER: I'm looking to build a program in Python to control stock using bar codes. Do you have any specific requirements or ideas in mind?
PRODUCT OWNER: Sure, let me clarify a few things first. Do you want to achieve the following points:

1. Read bar codes of products.
2. Store inventory in a database somewhere.
3. Update inventory count whenever a product is bought/sold.
4. Generate a sales report.

Also, do you want to integrate it with any e-commerce platform or is it just for offline use?
PROGRAMMER: Yes, those requirements sound good to me. As for integrating with an e-commerce platform, let's just keep it for offline use for now.
[CODE] PRODUCT OWNER: Great, so let's start with the first requirement of reading bar codes. We'll be using the `zbar` module in Python to accomplish this task. 

Here's some sample code to get you started on reading barcodes with `zbar`. 

```
import zbar
from PIL import Image

def read_barcode(file_path):
    scanner = zbar.Scanner()
    image = Image.open(file_path).convert('L')
    width, height = image.size
    raw = image.tobytes()
    barcode = scanner.scan_raw(raw, width, height)
    
    if not barcode:
        return None
    
    return barcode[0].data.decode('utf-8')
```

This code reads a barcode image given a `file_path` and returns the decoded text. You'll need to add error handling for cases when a barcode cannot be read, however.

Let me know if you have any questions or suggestions.
PROGRAMMER: Thanks for the sample code! Just to clarify, we will need to use a barcode scanner connected to the computer for this code to work, right?
PRODUCT OWNER: Yes, that's correct. The barcode scanner needs to be connected to the computer and must be configured to act as a keyboard device. This is because the scanner will "type" the barcode numbers directly into the active text input field. 

When the barcode gets scanned, the scanner will output the encoded barcode as a string of characters as if it were typed from a keyboard. The `zbar` module reads this data just like it would any other string input.
PROGRAMMER: Got it! So once we have successfully read the barcode, we should then be able to retrieve the product information from the database using the barcode data, update the stock count, and generate a sales report. Do you have any specific database or sales report generation libraries in mind?
PRODUCT OWNER: Yes, once we have the barcode data, we can use it as a unique identifier to retrieve the corresponding product information from the database. For the database part, I would suggest going with an SQL database like SQLite or MySQL since they are fast and lightweight. We can use a Python library called `sqlite3` to interact with the database. If you're not familiar with databases, I can guide you through the process of creating and interacting with an SQL database using `sqlite3`.

For generating sales reports, we can use Python libraries like `Pandas` or `Reportlab`. `Pandas` is good for creating data tables and charts while `Reportlab` is more suited for generating PDF reports. 

Do you have any preferences between these two libraries, or do you have any other libraries in mind?
PROGRAMMER: I'm familiar with databases, so using SQLite sounds good to me. And perhaps we can use `Pandas` for generating the sales report since it provides flexible data analysis and manipulation tools. We can always switch to `Reportlab` later if we need more advanced report generation.
[CODE] PRODUCT OWNER: Sounds good to me! 

Here's some sample code for setting up an SQLite database in Python and inserting a new product:

```
import sqlite3

def connect_to_database(database_file_path):
    conn = sqlite3.connect(database_file_path)
    cursor = conn.cursor()
    cursor.execute("""
        CREATE TABLE products
        (barcode TEXT, name TEXT, price REAL, stock_count INTEGER)
    """)
    conn.commit()
    conn.close()
    
def add_product_to_database(database_file_path, barcode, name, price, stock_count):
    conn = sqlite3.connect(database_file_path)
    cursor = conn.cursor()
    cursor.execute("""
        INSERT INTO products (barcode, name, price, stock_count) VALUES (?, ?, ?, ?)
    """, (barcode, name, price, stock_count))
    conn.commit()
    conn.close()
```

The `connect_to_database` function creates a new table inside the database file specified by `database_file_path`. The table is named "products" and has four columns: `barcode`, `name`, `price`, and `stock_count`. 

The `add_product_to_database` function takes in the relevant information for a product and inserts it as a new row in the "products" table. 

You can call these functions to setup the database and add products to it as necessary. Let me know if you have any questions about this code!
PROGRAMMER: Thanks for the database code! 

Another thing I would like to clarify is how to handle product stock count when a sale has been made. So if a product is sold, we need to update the stock count in the database. Do you have any thoughts on how to handle this case?
[CODE] PRODUCT OWNER: Sure, we can handle this by decrementing the stock count for the sold product when the sale is made. Here's some example code for that:

```
def sell_product(database_file_path, barcode):
    conn = sqlite3.connect(database_file_path)
    cursor = conn.cursor()
    
    # Retrieve the product from the database using barcode
    cursor.execute("""
        SELECT * FROM products WHERE barcode = ?
    """, (barcode,))
    row = cursor.fetchone()
    
    # Check if the product was found in the database
    if row:
        # Decrement the stock count of the product by 1
        stock_count = row[3]
        new_stock_count = stock_count - 1
        
        # Update the stock count in the database
        cursor.execute("""
            UPDATE products SET stock_count = ? WHERE barcode = ?
        """, (new_stock_count, barcode))
        conn.commit()
        
    conn.close()
```

The `sell_product` function takes in the `database_file_path` and `barcode` of the sold product. It retrieves the product from the database using the barcode, decrements the `stock_count` column by 1, and updates the database with the new `stock_count`.

You can call this function whenever a product is sold to update the stock count in the database. Let me know if you have any questions about this code!
PROGRAMMER: Thanks for the code again! It looks like we're almost done. All we need now is to generate a sales report based on the sales made so far. Could you please show me some code on how to generate this report using `Pandas`?
[CODE] PRODUCT OWNER: Sure! Here's an example code for generating a sales report using `Pandas`:

```
import sqlite3
import pandas as pd

def generate_sales_report(database_file_path):
    conn = sqlite3.connect(database_file_path)
    
    # Retrieve all sold products from the database
    sold_products = pd.read_sql_query("""
        SELECT * FROM products WHERE stock_count < ? 
    """, conn, params=[10])
    
    # Calculate total sales by multiplying the product price by the number of products sold
    sold_products["total_sales"] = sold_products.apply(lambda row: row["price"] * (row["stock_count"]*-1), axis=1)
    
    # Group by product name and sum the total sales
    sales_by_product = sold_products.groupby("name").agg({"total_sales": "sum"})
    
    # Order products by total sales and print the resulting table
    sales_by_product = sales_by_product.sort_values("total_sales", ascending=False)
    print(sales_by_product.to_string(index=False))
    
    conn.close()
```

The `generate_sales_report` function takes in the `database_file_path` and retrieves all sold products from the database where `stock_count` is less than 10. You can change this condition to suit your needs. 

It then calculates the total sales for each sold product by multiplying the product price by the number of products sold. It then groups the products by name and sums the total sales to get the total sales by product.

Finally, it sorts the products by total sales in descending order and prints the result as a table.

Let me know if you have any questions about this code!
PROGRAMMER: Thanks for sharing the code! That's very helpful. 

Just to confirm, we would need to call this `generate_sales_report` function manually, right? It's not something that would be automatically generated after a sale is made?
PRODUCT OWNER: Yes, that is correct. You would need to call the `generate_sales_report` function manually to generate the sales report. Alternatively, you could choose to integrate this function into a user interface or a command-line interface to give users the option to generate a sales report on-demand. 

Another option is to set up a scheduled task (e.g. using `cron` on Linux) to run the `generate_sales_report` function at a specific interval, such as at the end of a business day or week. This would automate the process of generating and emailing sales reports for business use. 

Let me know if you have any further questions or concerns!
PROGRAMMER: Thank you for the clarification! This sounds great!

That's all the information I need for now. I'll start working on the code based on what we discussed. If I have any questions, I'll let you know.
PRODUCT OWNER: You're welcome! I'm glad I could be of help. Don't hesitate to let me know if you need any further assistance. Good luck with the implementation!
PROGRAMMER: Thank you! I'll do my best. Have a great day!
